<?xml version="1.0" encoding="UTF-8"?>
<!-- Generated by org.testng.reporters.JUnitReportReporter -->
<testsuite hostname="DESKTOP-IPAIU26" name="MavenDemo.Demo.SeleniumTest" tests="1" failures="0" timestamp="27 Jun 2019 04:50:47 GMT" time="0.009" errors="0">
  <testcase name="loginTest" time="0.009" classname="MavenDemo.Demo.SeleniumTest"/>
</testsuite> <!-- MavenDemo.Demo.SeleniumTest -->
